---------------------------------------
Begin Slurm Prolog: Feb-18-2024 15:48:48
Job ID:    282022
User ID:   vsivaraman3
Account:   isye
Job name:  cuda.sbatch
Partition: pace-gpu
---------------------------------------
---------------------------------------
Begin Slurm Epilog: Feb-18-2024 15:48:50
Job ID:        282022
Array Job ID:  _4294967294
User ID:       vsivaraman3
Account:       isye
Job name:      cuda.sbatch
Resources:     cpu=1,gres/gpu:v100=1,mem=4G,node=1
Rsrc Used:     cput=00:00:01,vmem=444K,walltime=00:00:01,mem=0,energy_used=0
Partition:     pace-gpu
Nodes:         atl1-1-02-009-31-0
---------------------------------------
